
Filename: BlackUART_timing_results.out

----------------------------------------------------------------------
|                                         LABEL |  SEC | mSEC | uSEC |
----------------------------------------------------------------------
|                                1. Constructor |    0 |   24 |  414 |
----------------------------------------------------------------------
|                          2. BlackUART::open() |    0 |    2 |  239 |
----------------------------------------------------------------------
| 3. BlackUART::transfer(std::string, uint32_t) |    0 |    0 |  422 |
----------------------------------------------------------------------
|            4. BlackUART::write(char*, size_t) |    0 |    0 |   57 |
----------------------------------------------------------------------
|             5. BlackUART::read(char*, size_t) |    0 |    0 |   83 |
----------------------------------------------------------------------
|              6. BlackUART::write(std::string) |    0 |    0 |   95 |
----------------------------------------------------------------------
|                          7. BlackUART::read() |    0 |    0 |  106 |
----------------------------------------------------------------------
|         8. BlackUART::operator<<(std::string) |    0 |    0 |  100 |
----------------------------------------------------------------------
|         9. BlackUART::operator>>(std::string) |    0 |    0 |  165 |
----------------------------------------------------------------------
