
Filename: BlackI2C_timing_results.out

-------------------------------------------------------------------
|                                      LABEL |  SEC | mSEC | uSEC |
-------------------------------------------------------------------
|                             1. Constructor |    0 |    1 |  686 |
-------------------------------------------------------------------
|                        2. BlackI2C::open() |    0 |    0 |  226 |
-------------------------------------------------------------------
|                  3.1. BlackI2C::readByte() |    0 |    0 |  642 |
-------------------------------------------------------------------
|                 3.2. BlackI2C::writeByte() |    0 |    0 |  628 |
-------------------------------------------------------------------
|                  4.1. BlackI2C::readWord() |    0 |    0 |  874 |
-------------------------------------------------------------------
|                 4.2. BlackI2C::writeWord() |    0 |    0 |  578 |
-------------------------------------------------------------------
|  5.1. (Block Size:3) BlackI2C::readBlock() |    0 |    0 |  898 |
-------------------------------------------------------------------
| 5.2. (Block Size:3) BlackI2C::writeBlock() |    0 |    0 |  731 |
-------------------------------------------------------------------
|   6.1. (Block Size:3) BlackI2C::readLine() |    0 |    0 |  592 |
-------------------------------------------------------------------
|  6.2. (Block Size:3) BlackI2C::writeLine() |    0 |    0 |  687 |
-------------------------------------------------------------------
