
Filename: BlackPWM_timing_results.out

---------------------------------------------------------------
|                                  LABEL |  SEC | mSEC | uSEC |
---------------------------------------------------------------
|                         1. Constructor |    0 |   42 |  959 |
---------------------------------------------------------------
|       2. BlackPWM::setSpaceRatioTime() |    0 |    0 |  866 |
---------------------------------------------------------------
|           3. BlackPWM::setPeriodTime() |    0 |    0 |  911 |
---------------------------------------------------------------
|        4. BlackPWM::setLoadRatioTime() |    0 |    1 |   66 |
---------------------------------------------------------------
|          5. BlackPWM::setDutyPercent() |    0 |    0 |  749 |
---------------------------------------------------------------
|          6_1. BlackPWM::getDutyValue() |    0 |    0 |  377 |
---------------------------------------------------------------
|   6_2. BlackPWM::getNumericDutyValue() |    0 |    0 |  289 |
---------------------------------------------------------------
|        7_1. BlackPWM::getPeriodValue() |    0 |    0 |  497 |
---------------------------------------------------------------
| 7_2. BlackPWM::getNumericPeriodValue() |    0 |    0 |  277 |
---------------------------------------------------------------
|              8_1. BlackPWM::getValue() |    0 |    1 |  738 |
---------------------------------------------------------------
|       8_2. BlackPWM::getNumericValue() |    0 |    0 |  567 |
---------------------------------------------------------------
|      9_1. BlackPWM::getPolarityValue() |    0 |    0 |  277 |
---------------------------------------------------------------
|           9_2. BlackPWM::getRunValue() |    0 |    0 |  264 |
---------------------------------------------------------------
