
Filename: BlackGPIO_timing_results.out

-----------------------------------------------------------------------------
|                                                LABEL |  SEC | mSEC | uSEC |
-----------------------------------------------------------------------------
|                                       1. Constructor |    0 |    7 |  645 |
-----------------------------------------------------------------------------
|              2.1. (SecureMode) BlackGPIO::setValue() |    0 |    5 |  556 |
-----------------------------------------------------------------------------
|                2.2. (FastMode) BlackGPIO::setValue() |    0 |    0 |  509 |
-----------------------------------------------------------------------------
|    3.1. (SecureMode,InputType) BlackGPIO::getValue() |    0 |    3 |  306 |
-----------------------------------------------------------------------------
|      3.2. (FastMode,InputType) BlackGPIO::getValue() |    0 |    0 |  420 |
-----------------------------------------------------------------------------
|   3.3. (SecureMode,OutputType) BlackGPIO::getValue() |    0 |    2 |  177 |
-----------------------------------------------------------------------------
|     3.4. (FastMode,OutputType) BlackGPIO::getValue() |    0 |    0 |  383 |
-----------------------------------------------------------------------------
|           4.1. BlackGPIO::toggleValue() (SecureMode) |    0 |    2 |  583 |
-----------------------------------------------------------------------------
|             4.2. BlackGPIO::toggleValue() (FastMode) |    0 |    0 |  669 |
-----------------------------------------------------------------------------
| 5.1. (SecureMode) BlackGPIO::operator>>(std::string) |    0 |    1 |   22 |
-----------------------------------------------------------------------------
|   5.2. (FastMode) BlackGPIO::operator>>(std::string) |    0 |    0 |  522 |
-----------------------------------------------------------------------------
|         6.1. (SecureMode) BlackGPIO::operator>>(int) |    0 |    0 |  945 |
-----------------------------------------------------------------------------
|           6.2. (FastMode) BlackGPIO::operator>>(int) |    0 |    0 |  339 |
-----------------------------------------------------------------------------
|            7.1. (SecureMode) BlackGPIO::operator<<() |    0 |    1 |  140 |
-----------------------------------------------------------------------------
|              7.2. (FastMode) BlackGPIO::operator<<() |    0 |    0 |  374 |
-----------------------------------------------------------------------------
